3/15/2019 4:27:56 PM
 
Log
121 views created
UnityEngine.Debug:Log(Object)
ViewManager:GenerateViews() (at Assets/Scripts/ViewManager.cs:82)
ViewManager:.ctor(Int32, Single) (at Assets/Scripts/ViewManager.cs:26)
SystemInterface:.ctor(Camera) (at Assets/Scripts/SystemInterface.cs:62)
NbvManager:.ctor(Camera) (at Assets/Scripts/Learning/NbvManager.cs:12)
NbvAgent:Awake() (at Assets/Scripts/Learning/NbvAgent.cs:15)

Log
LowResSphere used as point cloud representation object
UnityEngine.Debug:Log(Object)
PointCloudManager:.ctor(RenderTexture, Single, Camera) (at Assets/Scripts/PointCloudManager.cs:34)
SystemInterface:.ctor(Camera) (at Assets/Scripts/SystemInterface.cs:65)
NbvManager:.ctor(Camera) (at Assets/Scripts/Learning/NbvManager.cs:12)
NbvAgent:Awake() (at Assets/Scripts/Learning/NbvAgent.cs:15)

Log
Generated grids of 10 objects
UnityEngine.Debug:Log(Object)
GroundTruthGenerator:Build() (at Assets/Scripts/GroundTruthGeberator.cs:73)
GroundTruthGenerator:Generate(Boolean, Boolean) (at Assets/Scripts/GroundTruthGeberator.cs:50)
GroundTruthGenerator:.ctor(DepthRenderingManager, ViewManager, PointCloudManager, OccupancyGridManager, StudyObjectMamanger, Single) (at Assets/Scripts/GroundTruthGeberator.cs:35)
SystemInterface:.ctor(Camera) (at Assets/Scripts/SystemInterface.cs:67)
NbvManager:.ctor(Camera) (at Assets/Scripts/Learning/NbvManager.cs:12)
NbvAgent:Awake() (at Assets/Scripts/Learning/NbvAgent.cs:15)

Log
Ground truth stoed in TrainingFiles/OccupancyGrids/saved_occupancy_grids.txt
UnityEngine.Debug:Log(Object)
GroundTruthGenerator:Save() (at Assets/Scripts/GroundTruthGeberator.cs:116)
GroundTruthGenerator:Generate(Boolean, Boolean) (at Assets/Scripts/GroundTruthGeberator.cs:53)
GroundTruthGenerator:.ctor(DepthRenderingManager, ViewManager, PointCloudManager, OccupancyGridManager, StudyObjectMamanger, Single) (at Assets/Scripts/GroundTruthGeberator.cs:35)
SystemInterface:.ctor(Camera) (at Assets/Scripts/SystemInterface.cs:67)
NbvManager:.ctor(Camera) (at Assets/Scripts/Learning/NbvManager.cs:12)
NbvAgent:Awake() (at Assets/Scripts/Learning/NbvAgent.cs:15)

