4/10/2019 12:21:00 PM
 
Log
100 views created

Log
Depth Resolution: 256, 256

Log
LowResSphere used as point cloud representation object

Log
0 object - 4044: 3979, 65, 0, 0, 0, 0

Log
1 object - 3700: 3700, 0, 0, 0, 0, 0

Log
2 object - 2680: 2630, 50, 0, 0, 0, 0

Log
3 object - 2092: 2092, 0, 0, 0, 0, 0

Log
4 object - 1970: 1961, 9, 0, 0, 0, 0

Log
5 object - 2399: 2399, 0, 0, 0, 0, 0

Log
6 object - 2260: 2240, 20, 0, 0, 0, 0

Log
7 object - 3005: 2978, 27, 0, 0, 0, 0

Log
8 object - 813: 810, 3, 0, 0, 0, 0

Log
9 object - 846: 843, 3, 0, 0, 0, 0

Log
Generated grids of 10 objects

